<?xml version="1.0" encoding="UTF-8"?>
<!-- Generated by org.testng.reporters.JUnitXMLReporter -->
<testsuite hostname="Davidenko" name="Default test" tests="3" failures="0" timestamp="10 Sep 2015 03:26:58 GMT" time="12.422" errors="0">
  <testcase name="createPrizyPricerProducts" time="3.377" classname="com.prizy.pricer.seleniumTests.scenarios.CreateProductsTest"/>
  <testcase name="createPrizyPricerProductWithoutBarCode" time="0.014" classname="com.prizy.pricer.seleniumTests.scenarios.CreateProductsTest"/>
  <testcase name="createPrizyPricerProductWithoutDescription" time="0.01" classname="com.prizy.pricer.seleniumTests.scenarios.CreateProductsTest"/>
</testsuite> <!-- Default test -->
