<?xml version="1.0" encoding="UTF-8"?>
<testng-results skipped="0" failed="0" total="3" passed="3">
  <reporter-output>
  </reporter-output>
  <suite name="Default suite" duration-ms="12422" started-at="2015-09-10T03:26:46Z" finished-at="2015-09-10T03:26:58Z">
    <groups>
    </groups>
    <test name="Default test" duration-ms="12422" started-at="2015-09-10T03:26:46Z" finished-at="2015-09-10T03:26:58Z">
      <class name="com.prizy.pricer.seleniumTests.scenarios.CreateProductsTest">
        <test-method status="PASS" signature="setEnvironment()[pri:0, instance:com.prizy.pricer.seleniumTests.scenarios.CreateProductsTest@1fbc7afb]" name="setEnvironment" is-config="true" duration-ms="6283" started-at="2015-09-10T00:26:46Z" finished-at="2015-09-10T00:26:52Z">
          <reporter-output>
          </reporter-output>
        </test-method> <!-- setEnvironment -->
        <test-method status="PASS" signature="beforeTestActions()[pri:0, instance:com.prizy.pricer.seleniumTests.scenarios.CreateProductsTest@1fbc7afb]" name="beforeTestActions" is-config="true" duration-ms="516" started-at="2015-09-10T00:26:52Z" finished-at="2015-09-10T00:26:53Z">
          <reporter-output>
          </reporter-output>
        </test-method> <!-- beforeTestActions -->
        <test-method status="PASS" signature="createPrizyPricerProducts()[pri:0, instance:com.prizy.pricer.seleniumTests.scenarios.CreateProductsTest@1fbc7afb]" name="createPrizyPricerProducts" duration-ms="3377" started-at="2015-09-10T00:26:53Z" finished-at="2015-09-10T00:26:56Z">
          <reporter-output>
          </reporter-output>
        </test-method> <!-- createPrizyPricerProducts -->
        <test-method status="PASS" signature="afterTestActions()[pri:0, instance:com.prizy.pricer.seleniumTests.scenarios.CreateProductsTest@1fbc7afb]" name="afterTestActions" is-config="true" duration-ms="422" started-at="2015-09-10T00:26:56Z" finished-at="2015-09-10T00:26:56Z">
          <reporter-output>
          </reporter-output>
        </test-method> <!-- afterTestActions -->
        <test-method status="PASS" signature="beforeTestActions()[pri:0, instance:com.prizy.pricer.seleniumTests.scenarios.CreateProductsTest@1fbc7afb]" name="beforeTestActions" is-config="true" duration-ms="276" started-at="2015-09-10T00:26:56Z" finished-at="2015-09-10T00:26:57Z">
          <reporter-output>
          </reporter-output>
        </test-method> <!-- beforeTestActions -->
        <test-method status="PASS" signature="createPrizyPricerProductWithoutBarCode()[pri:0, instance:com.prizy.pricer.seleniumTests.scenarios.CreateProductsTest@1fbc7afb]" name="createPrizyPricerProductWithoutBarCode" duration-ms="14" started-at="2015-09-10T00:26:57Z" finished-at="2015-09-10T00:26:57Z">
          <reporter-output>
          </reporter-output>
        </test-method> <!-- createPrizyPricerProductWithoutBarCode -->
        <test-method status="PASS" signature="afterTestActions()[pri:0, instance:com.prizy.pricer.seleniumTests.scenarios.CreateProductsTest@1fbc7afb]" name="afterTestActions" is-config="true" duration-ms="484" started-at="2015-09-10T00:26:57Z" finished-at="2015-09-10T00:26:57Z">
          <reporter-output>
          </reporter-output>
        </test-method> <!-- afterTestActions -->
        <test-method status="PASS" signature="beforeTestActions()[pri:0, instance:com.prizy.pricer.seleniumTests.scenarios.CreateProductsTest@1fbc7afb]" name="beforeTestActions" is-config="true" duration-ms="248" started-at="2015-09-10T00:26:57Z" finished-at="2015-09-10T00:26:57Z">
          <reporter-output>
          </reporter-output>
        </test-method> <!-- beforeTestActions -->
        <test-method status="PASS" signature="createPrizyPricerProductWithoutDescription()[pri:0, instance:com.prizy.pricer.seleniumTests.scenarios.CreateProductsTest@1fbc7afb]" name="createPrizyPricerProductWithoutDescription" duration-ms="10" started-at="2015-09-10T00:26:57Z" finished-at="2015-09-10T00:26:57Z">
          <reporter-output>
          </reporter-output>
        </test-method> <!-- createPrizyPricerProductWithoutDescription -->
        <test-method status="PASS" signature="afterTestActions()[pri:0, instance:com.prizy.pricer.seleniumTests.scenarios.CreateProductsTest@1fbc7afb]" name="afterTestActions" is-config="true" duration-ms="427" started-at="2015-09-10T00:26:57Z" finished-at="2015-09-10T00:26:58Z">
          <reporter-output>
          </reporter-output>
        </test-method> <!-- afterTestActions -->
        <test-method status="PASS" signature="afterSuiteActions()[pri:0, instance:com.prizy.pricer.seleniumTests.scenarios.CreateProductsTest@1fbc7afb]" name="afterSuiteActions" is-config="true" duration-ms="353" started-at="2015-09-10T00:26:58Z" finished-at="2015-09-10T00:26:58Z">
          <reporter-output>
          </reporter-output>
        </test-method> <!-- afterSuiteActions -->
      </class> <!-- com.prizy.pricer.seleniumTests.scenarios.CreateProductsTest -->
    </test> <!-- Default test -->
  </suite> <!-- Default suite -->
</testng-results>
